<?xml version="1.0" encoding="UTF-8"?>
<!-- Generated by org.testng.reporters.JUnitXMLReporter -->
<testsuite ignored="0" hostname="TVMATP533067L" failures="0" tests="4" name="Default test" time="1.166" errors="0" timestamp="2024-06-07T16:48:55 IST">
  <testcase classname="poleStar.ApiTestClass" name="executeGETRequest" time="1.004"/>
  <testcase classname="poleStar.ApiTestClass" name="verifyStatusCodeOfGetResponse" time="0.003"/>
  <testcase classname="poleStar.ApiTestClass" name="executeDelete" time="0.117"/>
  <testcase classname="poleStar.ApiTestClass" name="verifyStatusCodeOfDeleteResponse" time="0.001"/>
</testsuite> <!-- Default test -->
