<?xml version="1.0" encoding="UTF-8"?>
<!-- Generated by org.testng.reporters.JUnitXMLReporter -->
<testsuite ignored="0" hostname="TVMATP533067L" failures="0" tests="4" name="APITest" time="1.54" errors="0" timestamp="2024-06-14T15:48:32 IST">
  <testcase classname="poleStar.ApiTestClass" name="executeGETRequest" time="1.334"/>
  <testcase classname="poleStar.ApiTestClass" name="verifyStatusCodeOfGetResponse" time="0.005"/>
  <testcase classname="poleStar.ApiTestClass" name="executeDelete" time="0.146"/>
  <testcase classname="poleStar.ApiTestClass" name="verifyStatusCodeOfDeleteResponse" time="0.001"/>
</testsuite> <!-- APITest -->
