<?xml version="1.0" encoding="UTF-8"?>
<!-- Generated by org.testng.reporters.JUnitXMLReporter -->
<testsuite ignored="0" hostname="TVMATP533067L" failures="0" tests="4" name="Test" time="12.736" errors="0" timestamp="2024-06-07T16:25:06 IST">
  <testcase classname="poleStar.UiTestClass" name="navigateToTheLink" time="10.789"/>
  <testcase classname="poleStar.UiTestClass" name="rejectCookies" time="0.082"/>
  <testcase classname="poleStar.UiTestClass" name="toHomePage" time="0.992"/>
  <testcase classname="poleStar.UiTestClass" name="toLearnMore" time="0.848"/>
</testsuite> <!-- Test -->
