<?xml version="1.0" encoding="UTF-8"?>
<!-- Generated by org.testng.reporters.JUnitXMLReporter -->
<testsuite ignored="0" hostname="TVMATP533067L" failures="0" tests="4" name="UITestFirefox" time="32.895" errors="0" timestamp="2024-06-14T15:49:04 IST">
  <testcase classname="poleStar.UiTestClass" name="navigateToTheLink" time="9.753"/>
  <testcase classname="poleStar.UiTestClass" name="rejectCookies" time="0.157"/>
  <testcase classname="poleStar.UiTestClass" name="toHomePage" time="1.113"/>
  <testcase classname="poleStar.UiTestClass" name="toLearnMore" time="1.204"/>
</testsuite> <!-- UITestFirefox -->
