<?xml version="1.0" encoding="UTF-8"?>
<!-- Generated by org.testng.reporters.JUnitXMLReporter -->
<testsuite ignored="0" hostname="TVMATP533067L" failures="0" tests="4" name="UITestWebkit" time="30.603" errors="0" timestamp="2024-06-14T15:49:01 IST">
  <testcase classname="poleStar.UiTestClass" name="navigateToTheLink" time="12.729"/>
  <testcase classname="poleStar.UiTestClass" name="rejectCookies" time="0.368"/>
  <testcase classname="poleStar.UiTestClass" name="toHomePage" time="1.088"/>
  <testcase classname="poleStar.UiTestClass" name="toLearnMore" time="3.109"/>
</testsuite> <!-- UITestWebkit -->
