<?xml version="1.0" encoding="UTF-8"?>
<!-- Generated by org.testng.reporters.JUnitXMLReporter -->
<testsuite ignored="0" hostname="TVMATP533067L" failures="0" tests="4" name="UITest" time="39.225" errors="0" timestamp="2024-06-09T23:39:26 IST">
  <testcase classname="poleStar.UiTestClass" name="navigateToTheLink" time="10.489"/>
  <testcase classname="poleStar.UiTestClass" name="rejectCookies" time="0.264"/>
  <testcase classname="poleStar.UiTestClass" name="toHomePage" time="1.052"/>
  <testcase classname="poleStar.UiTestClass" name="toLearnMore" time="1.931"/>
</testsuite> <!-- UITest -->
