<?xml version="1.0" encoding="UTF-8"?>
<!-- Generated by org.testng.reporters.JUnitXMLReporter -->
<testsuite ignored="0" hostname="TVMATP533067L" failures="0" tests="4" name="UITestChrome" time="34.852" errors="0" timestamp="2024-06-14T15:49:06 IST">
  <testcase classname="poleStar.UiTestClass" name="navigateToTheLink" time="14.304"/>
  <testcase classname="poleStar.UiTestClass" name="rejectCookies" time="0.113"/>
  <testcase classname="poleStar.UiTestClass" name="toHomePage" time="0.818"/>
  <testcase classname="poleStar.UiTestClass" name="toLearnMore" time="0.875"/>
</testsuite> <!-- UITestChrome -->
