<?xml version="1.0" encoding="UTF-8"?>
<testng-results ignored="0" total="16" passed="16" failed="0" skipped="0">
  <reporter-output>
  </reporter-output>
  <suite started-at="2024-06-14T15:48:31 IST" name="Suite" finished-at="2024-06-14T15:49:06 IST" duration-ms="34852">
    <groups>
    </groups>
    <test started-at="2024-06-14T15:48:31 IST" name="APITest" finished-at="2024-06-14T15:48:32 IST" duration-ms="1540">
      <class name="poleStar.ApiTestClass">
        <test-method is-config="true" signature="beforeClass()[pri:0, instance:poleStar.ApiTestClass@383bfa16]" started-at="2024-06-14T15:48:31 IST" name="beforeClass" finished-at="2024-06-14T15:48:31 IST" duration-ms="10" status="PASS">
          <reporter-output>
          </reporter-output>
        </test-method> <!-- beforeClass -->
        <test-method signature="executeGETRequest(java.lang.String)[pri:0, instance:poleStar.ApiTestClass@383bfa16]" started-at="2024-06-14T15:48:31 IST" name="executeGETRequest" finished-at="2024-06-14T15:48:32 IST" duration-ms="1334" status="PASS">
          <params>
            <param index="0">
              <value>
                <![CDATA[http://10.82.180.36:8080/AmigoWallet/RegistrationAPI/getAllQuestions]]>
              </value>
            </param>
          </params>
          <reporter-output>
          </reporter-output>
        </test-method> <!-- executeGETRequest -->
        <test-method signature="verifyStatusCodeOfGetResponse()[pri:1, instance:poleStar.ApiTestClass@383bfa16]" started-at="2024-06-14T15:48:32 IST" name="verifyStatusCodeOfGetResponse" finished-at="2024-06-14T15:48:32 IST" depends-on-methods="poleStar.ApiTestClass.executeGETRequest" duration-ms="5" status="PASS">
          <reporter-output>
          </reporter-output>
        </test-method> <!-- verifyStatusCodeOfGetResponse -->
        <test-method signature="executeDelete()[pri:2, instance:poleStar.ApiTestClass@383bfa16]" started-at="2024-06-14T15:48:32 IST" name="executeDelete" finished-at="2024-06-14T15:48:32 IST" duration-ms="146" status="PASS">
          <reporter-output>
          </reporter-output>
        </test-method> <!-- executeDelete -->
        <test-method signature="verifyStatusCodeOfDeleteResponse()[pri:2, instance:poleStar.ApiTestClass@383bfa16]" started-at="2024-06-14T15:48:32 IST" name="verifyStatusCodeOfDeleteResponse" finished-at="2024-06-14T15:48:32 IST" depends-on-methods="poleStar.ApiTestClass.executeDelete" duration-ms="1" status="PASS">
          <reporter-output>
          </reporter-output>
        </test-method> <!-- verifyStatusCodeOfDeleteResponse -->
      </class> <!-- poleStar.ApiTestClass -->
    </test> <!-- APITest -->
    <test started-at="2024-06-14T15:48:31 IST" name="UITestWebkit" finished-at="2024-06-14T15:49:01 IST" duration-ms="30603">
      <class name="poleStar.UiTestClass">
        <test-method is-config="true" signature="beforeMethod(java.lang.String)[pri:0, instance:poleStar.UiTestClass@fba92d3]" started-at="2024-06-14T15:48:31 IST" name="beforeMethod" finished-at="2024-06-14T15:48:44 IST" duration-ms="13195" status="PASS">
          <params>
            <param index="0">
              <value>
                <![CDATA[webkit]]>
              </value>
            </param>
          </params>
          <reporter-output>
          </reporter-output>
        </test-method> <!-- beforeMethod -->
        <test-method signature="navigateToTheLink(java.lang.String)[pri:0, instance:poleStar.UiTestClass@fba92d3]" started-at="2024-06-14T15:48:44 IST" name="navigateToTheLink" finished-at="2024-06-14T15:48:57 IST" duration-ms="12729" status="PASS">
          <params>
            <param index="0">
              <value>
                <![CDATA[https://www.polestar.com/global/developer/get-started/]]>
              </value>
            </param>
          </params>
          <reporter-output>
          </reporter-output>
        </test-method> <!-- navigateToTheLink -->
        <test-method signature="rejectCookies()[pri:1, instance:poleStar.UiTestClass@fba92d3]" started-at="2024-06-14T15:48:57 IST" name="rejectCookies" finished-at="2024-06-14T15:48:57 IST" depends-on-methods="poleStar.UiTestClass.navigateToTheLink" duration-ms="368" status="PASS">
          <reporter-output>
          </reporter-output>
        </test-method> <!-- rejectCookies -->
        <test-method signature="toHomePage()[pri:2, instance:poleStar.UiTestClass@fba92d3]" started-at="2024-06-14T15:48:57 IST" name="toHomePage" finished-at="2024-06-14T15:48:58 IST" depends-on-methods="poleStar.UiTestClass.navigateToTheLink" duration-ms="1088" status="PASS">
          <reporter-output>
          </reporter-output>
        </test-method> <!-- toHomePage -->
        <test-method signature="toLearnMore()[pri:3, instance:poleStar.UiTestClass@fba92d3]" started-at="2024-06-14T15:48:58 IST" name="toLearnMore" finished-at="2024-06-14T15:49:01 IST" duration-ms="3109" status="PASS">
          <reporter-output>
          </reporter-output>
        </test-method> <!-- toLearnMore -->
        <test-method is-config="true" signature="afterMethod()[pri:0, instance:poleStar.UiTestClass@fba92d3]" started-at="2024-06-14T15:49:01 IST" name="afterMethod" finished-at="2024-06-14T15:49:01 IST" duration-ms="83" status="PASS">
          <reporter-output>
          </reporter-output>
        </test-method> <!-- afterMethod -->
      </class> <!-- poleStar.UiTestClass -->
    </test> <!-- UITestWebkit -->
    <test started-at="2024-06-14T15:48:31 IST" name="UITestFirefox" finished-at="2024-06-14T15:49:04 IST" duration-ms="32895">
      <class name="poleStar.UiTestClass">
        <test-method is-config="true" signature="beforeMethod(java.lang.String)[pri:0, instance:poleStar.UiTestClass@1b1426f4]" started-at="2024-06-14T15:48:31 IST" name="beforeMethod" finished-at="2024-06-14T15:48:50 IST" duration-ms="18912" status="PASS">
          <params>
            <param index="0">
              <value>
                <![CDATA[firefox]]>
              </value>
            </param>
          </params>
          <reporter-output>
          </reporter-output>
        </test-method> <!-- beforeMethod -->
        <test-method signature="navigateToTheLink(java.lang.String)[pri:0, instance:poleStar.UiTestClass@1b1426f4]" started-at="2024-06-14T15:48:50 IST" name="navigateToTheLink" finished-at="2024-06-14T15:48:59 IST" duration-ms="9753" status="PASS">
          <params>
            <param index="0">
              <value>
                <![CDATA[https://www.polestar.com/global/developer/get-started/]]>
              </value>
            </param>
          </params>
          <reporter-output>
          </reporter-output>
        </test-method> <!-- navigateToTheLink -->
        <test-method signature="rejectCookies()[pri:1, instance:poleStar.UiTestClass@1b1426f4]" started-at="2024-06-14T15:48:59 IST" name="rejectCookies" finished-at="2024-06-14T15:49:00 IST" depends-on-methods="poleStar.UiTestClass.navigateToTheLink" duration-ms="157" status="PASS">
          <reporter-output>
          </reporter-output>
        </test-method> <!-- rejectCookies -->
        <test-method signature="toHomePage()[pri:2, instance:poleStar.UiTestClass@1b1426f4]" started-at="2024-06-14T15:49:00 IST" name="toHomePage" finished-at="2024-06-14T15:49:01 IST" depends-on-methods="poleStar.UiTestClass.navigateToTheLink" duration-ms="1113" status="PASS">
          <reporter-output>
          </reporter-output>
        </test-method> <!-- toHomePage -->
        <test-method signature="toLearnMore()[pri:3, instance:poleStar.UiTestClass@1b1426f4]" started-at="2024-06-14T15:49:01 IST" name="toLearnMore" finished-at="2024-06-14T15:49:02 IST" duration-ms="1204" status="PASS">
          <reporter-output>
          </reporter-output>
        </test-method> <!-- toLearnMore -->
        <test-method is-config="true" signature="afterMethod()[pri:0, instance:poleStar.UiTestClass@1b1426f4]" started-at="2024-06-14T15:49:02 IST" name="afterMethod" finished-at="2024-06-14T15:49:04 IST" duration-ms="1718" status="PASS">
          <reporter-output>
          </reporter-output>
        </test-method> <!-- afterMethod -->
      </class> <!-- poleStar.UiTestClass -->
    </test> <!-- UITestFirefox -->
    <test started-at="2024-06-14T15:48:31 IST" name="UITestChrome" finished-at="2024-06-14T15:49:06 IST" duration-ms="34852">
      <class name="poleStar.UiTestClass">
        <test-method is-config="true" signature="beforeMethod(java.lang.String)[pri:0, instance:poleStar.UiTestClass@10163d6]" started-at="2024-06-14T15:48:31 IST" name="beforeMethod" finished-at="2024-06-14T15:48:49 IST" duration-ms="18349" status="PASS">
          <params>
            <param index="0">
              <value>
                <![CDATA[chrome]]>
              </value>
            </param>
          </params>
          <reporter-output>
          </reporter-output>
        </test-method> <!-- beforeMethod -->
        <test-method signature="navigateToTheLink(java.lang.String)[pri:0, instance:poleStar.UiTestClass@10163d6]" started-at="2024-06-14T15:48:49 IST" name="navigateToTheLink" finished-at="2024-06-14T15:49:03 IST" duration-ms="14304" status="PASS">
          <params>
            <param index="0">
              <value>
                <![CDATA[https://www.polestar.com/global/developer/get-started/]]>
              </value>
            </param>
          </params>
          <reporter-output>
          </reporter-output>
        </test-method> <!-- navigateToTheLink -->
        <test-method signature="rejectCookies()[pri:1, instance:poleStar.UiTestClass@10163d6]" started-at="2024-06-14T15:49:03 IST" name="rejectCookies" finished-at="2024-06-14T15:49:03 IST" depends-on-methods="poleStar.UiTestClass.navigateToTheLink" duration-ms="113" status="PASS">
          <reporter-output>
          </reporter-output>
        </test-method> <!-- rejectCookies -->
        <test-method signature="toHomePage()[pri:2, instance:poleStar.UiTestClass@10163d6]" started-at="2024-06-14T15:49:03 IST" name="toHomePage" finished-at="2024-06-14T15:49:04 IST" depends-on-methods="poleStar.UiTestClass.navigateToTheLink" duration-ms="818" status="PASS">
          <reporter-output>
          </reporter-output>
        </test-method> <!-- toHomePage -->
        <test-method signature="toLearnMore()[pri:3, instance:poleStar.UiTestClass@10163d6]" started-at="2024-06-14T15:49:04 IST" name="toLearnMore" finished-at="2024-06-14T15:49:05 IST" duration-ms="875" status="PASS">
          <reporter-output>
          </reporter-output>
        </test-method> <!-- toLearnMore -->
        <test-method is-config="true" signature="afterMethod()[pri:0, instance:poleStar.UiTestClass@10163d6]" started-at="2024-06-14T15:49:05 IST" name="afterMethod" finished-at="2024-06-14T15:49:06 IST" duration-ms="362" status="PASS">
          <reporter-output>
          </reporter-output>
        </test-method> <!-- afterMethod -->
      </class> <!-- poleStar.UiTestClass -->
    </test> <!-- UITestChrome -->
  </suite> <!-- Suite -->
</testng-results>
